<?xml version="1.0" encoding="UTF-8"?>
<!-- Generated by org.testng.reporters.JUnitReportReporter -->
<testsuite hostname="LAPTOP-8EPSLGPA" failures="0" tests="1" name="coverFoxTest.CF_002Validate_Pincode_Error_Msg" time="11.844" errors="0" timestamp="2024-01-17T00:21:31 IST" skipped="0">
  <testcase classname="coverFoxTest.CF_002Validate_Pincode_Error_Msg" name="validate_Pincode_ErrorMsg" time="11.844">
    <system-out>
      <![CDATA[Validating Pincode Error Msg
TC IS Passed]]>
    </system-out>
  </testcase> <!-- validate_Pincode_ErrorMsg -->
  <system-out>
    <![CDATA[Launching Browser
Reading data from excel sheet
Reading data from excel sheet
Validating Pincode Error Msg
TC IS Passed
Closing Browser
Launching Browser
clicking on gender button
clicking on next button
Handeling age drop down
Reading data from excel sheet
clicking on next button
Entering pin code
Reading data from excel sheet
Entering mobile num
Reading data from excel sheet
clicking on continue button
Fetching number of results from text
Fetching number of results from banners
TC is passed
Taking screenshot
Saved screenshot at E:\Testing+TCID_2024.01.17.00.21.27.png]]>
  </system-out>
</testsuite> <!-- coverFoxTest.CF_002Validate_Pincode_Error_Msg -->
